<?xml version="1.0" encoding="UTF-8"?>
<!-- Generated by org.testng.reporters.JUnitXMLReporter -->
<testsuite hostname="SHAILENDRA" ignored="6" tests="1" failures="0" timestamp="14 Apr 2020 11:31:22 GMT" time="0.19" errors="0">
  <testcase name="streamsUsage" time="0.136" classname="test1"/>
  <testcase name="mapAndStream" time="0.0" classname="test1">
    <ignored/>
  </testcase> <!-- mapAndStream -->
  <testcase name="streamTypeCollections" time="0.0" classname="test1">
    <ignored/>
  </testcase> <!-- streamTypeCollections -->
  <testcase name="match" time="0.0" classname="test1">
    <ignored/>
  </testcase> <!-- match -->
  <testcase name="regular" time="0.0" classname="test1">
    <ignored/>
  </testcase> <!-- regular -->
  <testcase name="stream" time="0.0" classname="test1">
    <ignored/>
  </testcase> <!-- stream -->
  <testcase name="streamToCpllection" time="0.0" classname="test1">
    <ignored/>
  </testcase> <!-- streamToCpllection -->
</testsuite>
